<?xml version="1.0" encoding="UTF-8"?>
<testng-results total="2" passed="2" failed="0" skipped="0">
  <reporter-output>
  </reporter-output>
  <suite started-at="2025-04-22T13:53:39Z" name="Default suite" finished-at="2025-04-22T13:54:05Z" duration-ms="25805">
    <groups>
      <group name="cucumber">
        <method signature="AbstractTestNGCucumberTests.runScenario(io.cucumber.testng.PickleWrapper, io.cucumber.testng.FeatureWrapper)[pri:0, instance:runner.TestRunner@1863d2fe]" name="runScenario" class="io.cucumber.testng.AbstractTestNGCucumberTests"/>
      </group>
    </groups>
    <test started-at="2025-04-22T13:53:39Z" name="Default test" finished-at="2025-04-22T13:54:05Z" duration-ms="25805">
      <class name="runner.TestRunner">
        <test-method is-config="true" signature="setUpClass()[pri:0, instance:runner.TestRunner@1863d2fe]" started-at="2025-04-22T13:53:39Z" name="setUpClass" finished-at="2025-04-22T13:53:40Z" duration-ms="545" status="PASS">
        </test-method>
        <test-method signature="runScenario(io.cucumber.testng.PickleWrapper, io.cucumber.testng.FeatureWrapper)[pri:0, instance:runner.TestRunner@1863d2fe]" started-at="2025-04-22T13:53:40Z" name="runScenario" description="Runs Cucumber Scenarios" finished-at="2025-04-22T13:53:55Z" duration-ms="15508" status="PASS">
          <params>
            <param index="0">
              <value>
                <![CDATA["login with different browser"]]>
              </value>
            </param>
            <param index="1">
              <value>
                <![CDATA["Optional[implementing data driven]"]]>
              </value>
            </param>
          </params>
        </test-method>
        <test-method signature="runScenario(io.cucumber.testng.PickleWrapper, io.cucumber.testng.FeatureWrapper)[pri:0, instance:runner.TestRunner@1863d2fe]" started-at="2025-04-22T13:53:55Z" name="runScenario" description="Runs Cucumber Scenarios" finished-at="2025-04-22T13:54:05Z" duration-ms="9669" status="PASS">
          <params>
            <param index="0">
              <value>
                <![CDATA["login with different browser"]]>
              </value>
            </param>
            <param index="1">
              <value>
                <![CDATA["Optional[implementing data driven]"]]>
              </value>
            </param>
          </params>
        </test-method>
        <test-method is-config="true" signature="tearDownClass()[pri:0, instance:runner.TestRunner@1863d2fe]" started-at="2025-04-22T13:54:05Z" name="tearDownClass" finished-at="2025-04-22T13:54:05Z" duration-ms="63" status="PASS">
        </test-method>
      </class>
    </test>
  </suite>
</testng-results>
